\BOOKMARK [0][-]{chapter*.4}{Acknowledgment}{}% 1
\BOOKMARK [0][-]{chapter*.5}{Abstract}{}% 2
\BOOKMARK [0][-]{chapter.1}{Introduction}{}% 3
\BOOKMARK [1][-]{section.1.1}{Motivation}{chapter.1}% 4
\BOOKMARK [1][-]{section.1.2}{Problem Description}{chapter.1}% 5
\BOOKMARK [1][-]{section.1.3}{Hypothesis}{chapter.1}% 6
\BOOKMARK [1][-]{section.1.4}{Objectives}{chapter.1}% 7
\BOOKMARK [0][-]{chapter.2}{Background}{}% 8
\BOOKMARK [1][-]{section.2.1}{Static models}{chapter.2}% 9
\BOOKMARK [2][-]{subsection.2.1.1}{Deterministic models}{section.2.1}% 10
\BOOKMARK [2][-]{subsection.2.1.2}{Probabilistic models}{section.2.1}% 11
\BOOKMARK [2][-]{subsection.2.1.3}{Stochastic models}{section.2.1}% 12
\BOOKMARK [1][-]{section.2.2}{Contribution}{chapter.2}% 13
\BOOKMARK [0][-]{chapter.3}{Problem desciption}{}% 14
\BOOKMARK [1][-]{section.3.1}{Description and assumptions}{chapter.3}% 15
\BOOKMARK [1][-]{section.3.2}{Information related to the scenarios}{chapter.3}% 16
\BOOKMARK [1][-]{section.3.3}{Maximum Expected Coverage stochastic formulation for the EVCP problem}{chapter.3}% 17
\BOOKMARK [1][-]{section.3.4}{Intelligent Feedback methodology for the EVCP problem}{chapter.3}% 18
\BOOKMARK [1][-]{section.3.5}{Matheuristic to improve the MEC model}{chapter.3}% 19
\BOOKMARK [0][-]{chapter.4}{Solution description}{}% 20
\BOOKMARK [1][-]{section.4.1}{Proposed solution}{chapter.4}% 21
\BOOKMARK [2][-]{subsection.4.1.1}{Parameters}{section.4.1}% 22
\BOOKMARK [1][-]{section.4.2}{Computing tools description}{chapter.4}% 23
\BOOKMARK [0][-]{chapter.5}{Experimental work}{}% 24
\BOOKMARK [1][-]{section.5.1}{Experimental analysis of the MEC, SABC, and MEC\(SABC\) stochastic formulations}{chapter.5}% 25
\BOOKMARK [1][-]{section.5.2}{Computational time of the MEC, SABC and MEC\(SABC\)}{chapter.5}% 26
\BOOKMARK [1][-]{section.5.3}{Emergency coverage percentage for MEC, SABC and MEC\(SABC\)}{chapter.5}% 27
\BOOKMARK [1][-]{section.5.4}{Number of ambulances available in the system}{chapter.5}% 28
\BOOKMARK [1][-]{section.5.5}{Solving instances similar to the literature benchmark}{chapter.5}% 29
\BOOKMARK [0][-]{chapter.6}{Conclusions}{}% 30
\BOOKMARK [1][-]{section.6.1}{Main contributions and conclusions}{chapter.6}% 31
\BOOKMARK [1][-]{section.6.2}{Future work}{chapter.6}% 32
